<?xml version="1.0" encoding="UTF-8"?>
<testng-results skipped="0" failed="1" ignored="0" total="3" passed="2">
  <reporter-output>
  </reporter-output>
  <suite name="Suite" duration-ms="38161" started-at="2024-10-22T11:18:36 EDT" finished-at="2024-10-22T11:19:14 EDT">
    <groups>
    </groups>
    <test name="Test" duration-ms="38161" started-at="2024-10-22T11:18:36 EDT" finished-at="2024-10-22T11:19:14 EDT">
      <class name="com.automation.test.AutomationScripts">
        <test-method status="PASS" signature="setUpBeforeMethod(java.lang.String)[pri:0, instance:com.automation.test.AutomationScripts@1b2abca6]" name="setUpBeforeMethod" is-config="true" duration-ms="11792" started-at="2024-10-22T11:18:37 EDT" finished-at="2024-10-22T11:18:48 EDT">
          <params>
            <param index="0">
              <value>
                <![CDATA[chrome]]>
              </value>
            </param>
          </params>
          <reporter-output>
          </reporter-output>
        </test-method> <!-- setUpBeforeMethod -->
        <test-method status="PASS" signature="invalid_password_login()[pri:0, instance:com.automation.test.AutomationScripts@1b2abca6]" name="invalid_password_login" duration-ms="1175" started-at="2024-10-22T11:18:48 EDT" finished-at="2024-10-22T11:18:50 EDT">
          <reporter-output>
          </reporter-output>
        </test-method> <!-- invalid_password_login -->
        <test-method status="PASS" signature="tearDownMethod()[pri:0, instance:com.automation.test.AutomationScripts@1b2abca6]" name="tearDownMethod" is-config="true" duration-ms="675" started-at="2024-10-22T11:18:50 EDT" finished-at="2024-10-22T11:18:50 EDT">
          <reporter-output>
          </reporter-output>
        </test-method> <!-- tearDownMethod -->
        <test-method status="PASS" signature="setUpBeforeMethod(java.lang.String)[pri:0, instance:com.automation.test.AutomationScripts@1b2abca6]" name="setUpBeforeMethod" is-config="true" duration-ms="8409" started-at="2024-10-22T11:18:52 EDT" finished-at="2024-10-22T11:19:00 EDT">
          <params>
            <param index="0">
              <value>
                <![CDATA[chrome]]>
              </value>
            </param>
          </params>
          <reporter-output>
          </reporter-output>
        </test-method> <!-- setUpBeforeMethod -->
        <test-method status="FAIL" signature="valid_login(java.lang.String,java.lang.String)[pri:0, instance:com.automation.test.AutomationScripts@1b2abca6]" name="valid_login" duration-ms="1416" started-at="2024-10-22T11:19:00 EDT" data-provider="logindata" finished-at="2024-10-22T11:19:02 EDT">
          <params>
            <param index="0">
              <value>
                <![CDATA[username]]>
              </value>
            </param>
            <param index="1">
              <value>
                <![CDATA[password]]>
              </value>
            </param>
          </params>
          <exception class="java.lang.AssertionError">
            <message>
              <![CDATA[Actual text isLogin | Salesforceand expected test isHome Page ~ Salesforce - Developer Edition]]>
            </message>
            <full-stacktrace>
              <![CDATA[java.lang.AssertionError: Actual text isLogin | Salesforceand expected test isHome Page ~ Salesforce - Developer Edition
at org.testng.Assert.fail(Assert.java:99)
at com.automation.test.AutomationScripts.valid_login(AutomationScripts.java:97)
at sun.reflect.NativeMethodAccessorImpl.invoke0(Native Method)
at sun.reflect.NativeMethodAccessorImpl.invoke(NativeMethodAccessorImpl.java:62)
at sun.reflect.DelegatingMethodAccessorImpl.invoke(DelegatingMethodAccessorImpl.java:43)
at java.lang.reflect.Method.invoke(Method.java:498)
at org.testng.internal.MethodInvocationHelper.invokeMethod(MethodInvocationHelper.java:133)
at org.testng.internal.TestInvoker.invokeMethod(TestInvoker.java:598)
at org.testng.internal.TestInvoker.invokeTestMethod(TestInvoker.java:173)
at org.testng.internal.MethodRunner.runInSequence(MethodRunner.java:46)
at org.testng.internal.TestInvoker$MethodInvocationAgent.invoke(TestInvoker.java:824)
at org.testng.internal.TestInvoker.invokeTestMethods(TestInvoker.java:146)
at org.testng.internal.TestMethodWorker.invokeTestMethods(TestMethodWorker.java:146)
at org.testng.internal.TestMethodWorker.run(TestMethodWorker.java:128)
at java.util.ArrayList.forEach(ArrayList.java:1257)
at org.testng.TestRunner.privateRun(TestRunner.java:794)
at org.testng.TestRunner.run(TestRunner.java:596)
at org.testng.SuiteRunner.runTest(SuiteRunner.java:377)
at org.testng.SuiteRunner.runSequentially(SuiteRunner.java:371)
at org.testng.SuiteRunner.privateRun(SuiteRunner.java:332)
at org.testng.SuiteRunner.run(SuiteRunner.java:276)
at org.testng.SuiteRunnerWorker.runSuite(SuiteRunnerWorker.java:53)
at org.testng.SuiteRunnerWorker.run(SuiteRunnerWorker.java:96)
at org.testng.TestNG.runSuitesSequentially(TestNG.java:1212)
at org.testng.TestNG.runSuitesLocally(TestNG.java:1134)
at org.testng.TestNG.runSuites(TestNG.java:1063)
at org.testng.TestNG.run(TestNG.java:1031)
at org.testng.remote.AbstractRemoteTestNG.run(AbstractRemoteTestNG.java:115)
at org.testng.remote.RemoteTestNG.initAndRun(RemoteTestNG.java:251)
at org.testng.remote.RemoteTestNG.main(RemoteTestNG.java:77)
]]>
            </full-stacktrace>
          </exception> <!-- java.lang.AssertionError -->
          <reporter-output>
          </reporter-output>
        </test-method> <!-- valid_login -->
        <test-method status="PASS" signature="tearDownMethod()[pri:0, instance:com.automation.test.AutomationScripts@1b2abca6]" name="tearDownMethod" is-config="true" duration-ms="732" started-at="2024-10-22T11:19:02 EDT" finished-at="2024-10-22T11:19:03 EDT">
          <reporter-output>
          </reporter-output>
        </test-method> <!-- tearDownMethod -->
        <test-method status="PASS" signature="setUpBeforeMethod(java.lang.String)[pri:0, instance:com.automation.test.AutomationScripts@1b2abca6]" name="setUpBeforeMethod" is-config="true" duration-ms="8147" started-at="2024-10-22T11:19:03 EDT" finished-at="2024-10-22T11:19:11 EDT">
          <params>
            <param index="0">
              <value>
                <![CDATA[chrome]]>
              </value>
            </param>
          </params>
          <reporter-output>
          </reporter-output>
        </test-method> <!-- setUpBeforeMethod -->
        <test-method status="PASS" signature="valid_login(java.lang.String,java.lang.String)[pri:0, instance:com.automation.test.AutomationScripts@1b2abca6]" name="valid_login" duration-ms="2291" started-at="2024-10-22T11:19:11 EDT" data-provider="logindata" finished-at="2024-10-22T11:19:14 EDT">
          <params>
            <param index="0">
              <value>
                <![CDATA[aama@tekarch.com]]>
              </value>
            </param>
            <param index="1">
              <value>
                <![CDATA[mother@1]]>
              </value>
            </param>
          </params>
          <reporter-output>
          </reporter-output>
        </test-method> <!-- valid_login -->
        <test-method status="PASS" signature="tearDownMethod()[pri:0, instance:com.automation.test.AutomationScripts@1b2abca6]" name="tearDownMethod" is-config="true" duration-ms="523" started-at="2024-10-22T11:19:14 EDT" finished-at="2024-10-22T11:19:14 EDT">
          <reporter-output>
          </reporter-output>
        </test-method> <!-- tearDownMethod -->
      </class> <!-- com.automation.test.AutomationScripts -->
    </test> <!-- Test -->
  </suite> <!-- Suite -->
</testng-results>
